2023-03-28 12:00:32 INFO  ProjectStartupHandler.runActivity(74) - ---------- Project opened ----------
2023-03-28 12:00:32 INFO  ProjectStartupHandler.runActivity(75) - ---------- Version 4.03 ----------

2023-03-28 12:00:32 INFO  ProjectStartupHandler.setAutoscrolls(346) - Autoscrolls successfully set
2023-03-28 12:00:32 INFO  ApacheHttpClient.isSessionAppropriateWithSecretKey(589) - The session is not set in the property file.
2023-03-28 12:01:18 INFO  ApacheHttpClient.login(250) - Waiting for server response.
2023-03-28 12:01:18 INFO  ApacheHttpClient.login(254) - responseCode = 200
2023-03-28 12:01:18 INFO  ApacheHttpClient.login(277) - JSESSIONID OK
2023-03-28 12:01:18 INFO  ApacheHttpClient.refreshUserInfo(305) - responseCode = 200
2023-03-28 12:01:18 INFO  ApacheHttpClient.refreshUserInfo(311) - User information received.
2023-03-28 12:01:19 INFO  ApacheHttpClient.startGA(36) - GAService started.
2023-03-28 12:01:26 INFO  ApacheHttpClient.getWebResourceAsStream(502) - responseCode = 200
2023-03-28 12:01:28 INFO  ApacheHttpClient.getFilteredTasks(336) - responseCode = 200
2023-03-28 12:01:35 INFO  ApacheHttpClient.getFilteredTasks(336) - responseCode = 200
2023-03-28 12:01:58 INFO  ApacheHttpClient.getTaskTemplateInfo(353) - responseCode = 200
2023-03-28 12:01:58 INFO  TaskInfoSelectorMouseListener.createDirectoryRecursive(78) - File created :/Users/admin/Downloads/JavaRushTasks/1.JavaSyntax/src/com
2023-03-28 12:01:58 INFO  TaskInfoSelectorMouseListener.createDirectoryRecursive(78) - File created :/Users/admin/Downloads/JavaRushTasks/1.JavaSyntax/src/com/javarush
2023-03-28 12:01:58 INFO  TaskInfoSelectorMouseListener.createDirectoryRecursive(78) - File created :/Users/admin/Downloads/JavaRushTasks/1.JavaSyntax/src/com/javarush/task
2023-03-28 12:01:58 INFO  TaskInfoSelectorMouseListener.createDirectoryRecursive(78) - File created :/Users/admin/Downloads/JavaRushTasks/1.JavaSyntax/src/com/javarush/task/pro
2023-03-28 12:01:58 INFO  TaskInfoSelectorMouseListener.createDirectoryRecursive(78) - File created :/Users/admin/Downloads/JavaRushTasks/1.JavaSyntax/src/com/javarush/task/pro/task15
2023-03-28 12:01:58 INFO  TaskInfoSelectorMouseListener.createDirectoryRecursive(78) - File created :/Users/admin/Downloads/JavaRushTasks/1.JavaSyntax/src/com/javarush/task/pro/task15/task1505
2023-03-28 12:04:13 INFO  ApacheHttpClient.getWebResourceAsStream(502) - responseCode = 200
2023-03-28 12:04:14 INFO  ApacheHttpClient.getTask(488) - responseCode = 200
2023-03-28 12:04:20 INFO  ApacheHttpClient.completed(32) - responseCode = 200
2023-03-28 12:05:10 INFO  ApacheHttpClient.getWebResourceAsStream(502) - responseCode = 200
2023-03-28 12:05:52 INFO  ApacheHttpClient.getWebResourceAsStream(502) - responseCode = 200
2023-03-28 12:05:52 WARN  PluginUtil.getCurrentTask(77) - Error while retrieving the task key.
java.lang.StringIndexOutOfBoundsException: begin -1, end 37, length 37
	at java.base/java.lang.String.checkBoundsBeginEnd(String.java:4604)
	at java.base/java.lang.String.substring(String.java:2707)
	at java.base/java.lang.String.substring(String.java:2680)
	at com.homework.plugin.PluginUtil.getCurrentVirtualFile(PluginUtil.java:159)
	at com.homework.plugin.PluginUtil.getCurrentTask(PluginUtil.java:68)
	at com.homework.plugin.button.ValidateButton.actionPerformed(ValidateButton.java:57)
	at com.intellij.openapi.actionSystem.impl.ActionButton.actionPerformed(ActionButton.java:197)
	at com.intellij.openapi.actionSystem.impl.ActionButton.lambda$performAction$0(ActionButton.java:176)
	at com.intellij.openapi.actionSystem.ex.ActionUtil.performDumbAwareWithCallbacks(ActionUtil.java:346)
	at com.intellij.openapi.actionSystem.impl.ActionButton.performAction(ActionButton.java:176)
	at com.intellij.openapi.actionSystem.impl.ActionButton.processMouseEvent(ActionButton.java:465)
	at java.desktop/java.awt.Component.processEvent(Component.java:6413)
	at java.desktop/java.awt.Container.processEvent(Container.java:2266)
	at java.desktop/java.awt.Component.dispatchEventImpl(Component.java:5022)
	at java.desktop/java.awt.Container.dispatchEventImpl(Container.java:2324)
	at java.desktop/java.awt.Component.dispatchEvent(Component.java:4854)
	at java.desktop/java.awt.LightweightDispatcher.retargetMouseEvent(Container.java:4948)
	at java.desktop/java.awt.LightweightDispatcher.processMouseEvent(Container.java:4575)
	at java.desktop/java.awt.LightweightDispatcher.dispatchEvent(Container.java:4516)
	at java.desktop/java.awt.Container.dispatchEventImpl(Container.java:2310)
	at java.desktop/java.awt.Window.dispatchEventImpl(Window.java:2802)
	at java.desktop/java.awt.Component.dispatchEvent(Component.java:4854)
	at java.desktop/java.awt.EventQueue.dispatchEventImpl(EventQueue.java:781)
	at java.desktop/java.awt.EventQueue$4.run(EventQueue.java:730)
	at java.desktop/java.awt.EventQueue$4.run(EventQueue.java:724)
	at java.base/java.security.AccessController.doPrivileged(AccessController.java:399)
	at java.base/java.security.ProtectionDomain$JavaSecurityAccessImpl.doIntersectionPrivilege(ProtectionDomain.java:86)
	at java.base/java.security.ProtectionDomain$JavaSecurityAccessImpl.doIntersectionPrivilege(ProtectionDomain.java:97)
	at java.desktop/java.awt.EventQueue$5.run(EventQueue.java:754)
	at java.desktop/java.awt.EventQueue$5.run(EventQueue.java:752)
	at java.base/java.security.AccessController.doPrivileged(AccessController.java:399)
	at java.base/java.security.ProtectionDomain$JavaSecurityAccessImpl.doIntersectionPrivilege(ProtectionDomain.java:86)
	at java.desktop/java.awt.EventQueue.dispatchEvent(EventQueue.java:751)
	at com.intellij.ide.IdeEventQueue.defaultDispatchEvent(IdeEventQueue.java:909)
	at com.intellij.ide.IdeEventQueue.dispatchMouseEvent(IdeEventQueue.java:831)
	at com.intellij.ide.IdeEventQueue._dispatchEvent(IdeEventQueue.java:753)
	at com.intellij.ide.IdeEventQueue.lambda$dispatchEvent$5(IdeEventQueue.java:437)
	at com.intellij.openapi.progress.impl.CoreProgressManager.computePrioritized(CoreProgressManager.java:772)
	at com.intellij.ide.IdeEventQueue.lambda$dispatchEvent$6(IdeEventQueue.java:436)
	at com.intellij.openapi.application.TransactionGuardImpl.performActivity(TransactionGuardImpl.java:113)
	at com.intellij.ide.IdeEventQueue.performActivity(IdeEventQueue.java:615)
	at com.intellij.ide.IdeEventQueue.lambda$dispatchEvent$7(IdeEventQueue.java:434)
	at com.intellij.openapi.application.impl.ApplicationImpl.runIntendedWriteActionOnCurrentThread(ApplicationImpl.java:813)
	at com.intellij.ide.IdeEventQueue.dispatchEvent(IdeEventQueue.java:480)
	at java.desktop/java.awt.EventDispatchThread.pumpOneEventForFilters(EventDispatchThread.java:207)
	at java.desktop/java.awt.EventDispatchThread.pumpEventsForFilter(EventDispatchThread.java:128)
	at java.desktop/java.awt.EventDispatchThread.pumpEventsForHierarchy(EventDispatchThread.java:117)
	at java.desktop/java.awt.EventDispatchThread.pumpEvents(EventDispatchThread.java:113)
	at java.desktop/java.awt.EventDispatchThread.pumpEvents(EventDispatchThread.java:105)
	at java.desktop/java.awt.EventDispatchThread.run(EventDispatchThread.java:92)
2023-03-28 12:05:52 WARN  PluginUtil.getCurrentDirectory(108) - Error while getting the current directory.
java.lang.StringIndexOutOfBoundsException: begin -1, end 37, length 37
	at java.base/java.lang.String.checkBoundsBeginEnd(String.java:4604)
	at java.base/java.lang.String.substring(String.java:2707)
	at java.base/java.lang.String.substring(String.java:2680)
	at com.homework.plugin.PluginUtil.getCurrentVirtualFile(PluginUtil.java:159)
	at com.homework.plugin.PluginUtil.getCurrentDirectory(PluginUtil.java:106)
	at com.homework.plugin.button.ValidateButton.actionPerformed(ValidateButton.java:62)
	at com.intellij.openapi.actionSystem.impl.ActionButton.actionPerformed(ActionButton.java:197)
	at com.intellij.openapi.actionSystem.impl.ActionButton.lambda$performAction$0(ActionButton.java:176)
	at com.intellij.openapi.actionSystem.ex.ActionUtil.performDumbAwareWithCallbacks(ActionUtil.java:346)
	at com.intellij.openapi.actionSystem.impl.ActionButton.performAction(ActionButton.java:176)
	at com.intellij.openapi.actionSystem.impl.ActionButton.processMouseEvent(ActionButton.java:465)
	at java.desktop/java.awt.Component.processEvent(Component.java:6413)
	at java.desktop/java.awt.Container.processEvent(Container.java:2266)
	at java.desktop/java.awt.Component.dispatchEventImpl(Component.java:5022)
	at java.desktop/java.awt.Container.dispatchEventImpl(Container.java:2324)
	at java.desktop/java.awt.Component.dispatchEvent(Component.java:4854)
	at java.desktop/java.awt.LightweightDispatcher.retargetMouseEvent(Container.java:4948)
	at java.desktop/java.awt.LightweightDispatcher.processMouseEvent(Container.java:4575)
	at java.desktop/java.awt.LightweightDispatcher.dispatchEvent(Container.java:4516)
	at java.desktop/java.awt.Container.dispatchEventImpl(Container.java:2310)
	at java.desktop/java.awt.Window.dispatchEventImpl(Window.java:2802)
	at java.desktop/java.awt.Component.dispatchEvent(Component.java:4854)
	at java.desktop/java.awt.EventQueue.dispatchEventImpl(EventQueue.java:781)
	at java.desktop/java.awt.EventQueue$4.run(EventQueue.java:730)
	at java.desktop/java.awt.EventQueue$4.run(EventQueue.java:724)
	at java.base/java.security.AccessController.doPrivileged(AccessController.java:399)
	at java.base/java.security.ProtectionDomain$JavaSecurityAccessImpl.doIntersectionPrivilege(ProtectionDomain.java:86)
	at java.base/java.security.ProtectionDomain$JavaSecurityAccessImpl.doIntersectionPrivilege(ProtectionDomain.java:97)
	at java.desktop/java.awt.EventQueue$5.run(EventQueue.java:754)
	at java.desktop/java.awt.EventQueue$5.run(EventQueue.java:752)
	at java.base/java.security.AccessController.doPrivileged(AccessController.java:399)
	at java.base/java.security.ProtectionDomain$JavaSecurityAccessImpl.doIntersectionPrivilege(ProtectionDomain.java:86)
	at java.desktop/java.awt.EventQueue.dispatchEvent(EventQueue.java:751)
	at com.intellij.ide.IdeEventQueue.defaultDispatchEvent(IdeEventQueue.java:909)
	at com.intellij.ide.IdeEventQueue.dispatchMouseEvent(IdeEventQueue.java:831)
	at com.intellij.ide.IdeEventQueue._dispatchEvent(IdeEventQueue.java:753)
	at com.intellij.ide.IdeEventQueue.lambda$dispatchEvent$5(IdeEventQueue.java:437)
	at com.intellij.openapi.progress.impl.CoreProgressManager.computePrioritized(CoreProgressManager.java:772)
	at com.intellij.ide.IdeEventQueue.lambda$dispatchEvent$6(IdeEventQueue.java:436)
	at com.intellij.openapi.application.TransactionGuardImpl.performActivity(TransactionGuardImpl.java:113)
	at com.intellij.ide.IdeEventQueue.performActivity(IdeEventQueue.java:615)
	at com.intellij.ide.IdeEventQueue.lambda$dispatchEvent$7(IdeEventQueue.java:434)
	at com.intellij.openapi.application.impl.ApplicationImpl.runIntendedWriteActionOnCurrentThread(ApplicationImpl.java:813)
	at com.intellij.ide.IdeEventQueue.dispatchEvent(IdeEventQueue.java:480)
	at java.desktop/java.awt.EventDispatchThread.pumpOneEventForFilters(EventDispatchThread.java:207)
	at java.desktop/java.awt.EventDispatchThread.pumpEventsForFilter(EventDispatchThread.java:128)
	at java.desktop/java.awt.EventDispatchThread.pumpEventsForHierarchy(EventDispatchThread.java:117)
	at java.desktop/java.awt.EventDispatchThread.pumpEvents(EventDispatchThread.java:113)
	at java.desktop/java.awt.EventDispatchThread.pumpEvents(EventDispatchThread.java:105)
	at java.desktop/java.awt.EventDispatchThread.run(EventDispatchThread.java:92)
2023-03-28 12:05:52 WARN  PluginUtil.getCurrentDirectory(108) - Error while getting the current directory.
java.lang.StringIndexOutOfBoundsException: begin -1, end 37, length 37
	at java.base/java.lang.String.checkBoundsBeginEnd(String.java:4604)
	at java.base/java.lang.String.substring(String.java:2707)
	at java.base/java.lang.String.substring(String.java:2680)
	at com.homework.plugin.PluginUtil.getCurrentVirtualFile(PluginUtil.java:159)
	at com.homework.plugin.PluginUtil.getCurrentDirectory(PluginUtil.java:106)
	at com.homework.plugin.PluginUtil.getTaskTitle(PluginUtil.java:83)
	at com.homework.plugin.button.ValidateButton.actionPerformed(ValidateButton.java:85)
	at com.intellij.openapi.actionSystem.impl.ActionButton.actionPerformed(ActionButton.java:197)
	at com.intellij.openapi.actionSystem.impl.ActionButton.lambda$performAction$0(ActionButton.java:176)
	at com.intellij.openapi.actionSystem.ex.ActionUtil.performDumbAwareWithCallbacks(ActionUtil.java:346)
	at com.intellij.openapi.actionSystem.impl.ActionButton.performAction(ActionButton.java:176)
	at com.intellij.openapi.actionSystem.impl.ActionButton.processMouseEvent(ActionButton.java:465)
	at java.desktop/java.awt.Component.processEvent(Component.java:6413)
	at java.desktop/java.awt.Container.processEvent(Container.java:2266)
	at java.desktop/java.awt.Component.dispatchEventImpl(Component.java:5022)
	at java.desktop/java.awt.Container.dispatchEventImpl(Container.java:2324)
	at java.desktop/java.awt.Component.dispatchEvent(Component.java:4854)
	at java.desktop/java.awt.LightweightDispatcher.retargetMouseEvent(Container.java:4948)
	at java.desktop/java.awt.LightweightDispatcher.processMouseEvent(Container.java:4575)
	at java.desktop/java.awt.LightweightDispatcher.dispatchEvent(Container.java:4516)
	at java.desktop/java.awt.Container.dispatchEventImpl(Container.java:2310)
	at java.desktop/java.awt.Window.dispatchEventImpl(Window.java:2802)
	at java.desktop/java.awt.Component.dispatchEvent(Component.java:4854)
	at java.desktop/java.awt.EventQueue.dispatchEventImpl(EventQueue.java:781)
	at java.desktop/java.awt.EventQueue$4.run(EventQueue.java:730)
	at java.desktop/java.awt.EventQueue$4.run(EventQueue.java:724)
	at java.base/java.security.AccessController.doPrivileged(AccessController.java:399)
	at java.base/java.security.ProtectionDomain$JavaSecurityAccessImpl.doIntersectionPrivilege(ProtectionDomain.java:86)
	at java.base/java.security.ProtectionDomain$JavaSecurityAccessImpl.doIntersectionPrivilege(ProtectionDomain.java:97)
	at java.desktop/java.awt.EventQueue$5.run(EventQueue.java:754)
	at java.desktop/java.awt.EventQueue$5.run(EventQueue.java:752)
	at java.base/java.security.AccessController.doPrivileged(AccessController.java:399)
	at java.base/java.security.ProtectionDomain$JavaSecurityAccessImpl.doIntersectionPrivilege(ProtectionDomain.java:86)
	at java.desktop/java.awt.EventQueue.dispatchEvent(EventQueue.java:751)
	at com.intellij.ide.IdeEventQueue.defaultDispatchEvent(IdeEventQueue.java:909)
	at com.intellij.ide.IdeEventQueue.dispatchMouseEvent(IdeEventQueue.java:831)
	at com.intellij.ide.IdeEventQueue._dispatchEvent(IdeEventQueue.java:753)
	at com.intellij.ide.IdeEventQueue.lambda$dispatchEvent$5(IdeEventQueue.java:437)
	at com.intellij.openapi.progress.impl.CoreProgressManager.computePrioritized(CoreProgressManager.java:772)
	at com.intellij.ide.IdeEventQueue.lambda$dispatchEvent$6(IdeEventQueue.java:436)
	at com.intellij.openapi.application.TransactionGuardImpl.performActivity(TransactionGuardImpl.java:113)
	at com.intellij.ide.IdeEventQueue.performActivity(IdeEventQueue.java:615)
	at com.intellij.ide.IdeEventQueue.lambda$dispatchEvent$7(IdeEventQueue.java:434)
	at com.intellij.openapi.application.impl.ApplicationImpl.runIntendedWriteActionOnCurrentThread(ApplicationImpl.java:813)
	at com.intellij.ide.IdeEventQueue.dispatchEvent(IdeEventQueue.java:480)
	at java.desktop/java.awt.EventDispatchThread.pumpOneEventForFilters(EventDispatchThread.java:207)
	at java.desktop/java.awt.EventDispatchThread.pumpEventsForFilter(EventDispatchThread.java:128)
	at java.desktop/java.awt.EventDispatchThread.pumpEventsForHierarchy(EventDispatchThread.java:117)
	at java.desktop/java.awt.EventDispatchThread.pumpEvents(EventDispatchThread.java:113)
	at java.desktop/java.awt.EventDispatchThread.pumpEvents(EventDispatchThread.java:105)
	at java.desktop/java.awt.EventDispatchThread.run(EventDispatchThread.java:92)
2023-03-28 12:05:52 INFO  ApacheHttpClient.getTask(488) - responseCode = 200
2023-03-28 12:05:59 INFO  ApacheHttpClient.completed(32) - responseCode = 200
2023-03-28 12:06:00 INFO  ApacheHttpClient.getTask(488) - responseCode = 200
2023-03-28 12:06:16 INFO  ProjectStartupHandler.projectClosing(155) - ---------- Project closed ----------

2023-03-28 12:06:16 INFO  ApacheHttpClient.getTask(488) - responseCode = 200
2023-03-28 12:06:16 INFO  PluginProjectService.dispose(41) - PluginProjectService for disposed.
2023-03-28 12:06:24 INFO  PluginProjectService.<init>(33) - PluginProjectService for JavaRushTasks initiated.
2023-03-28 12:06:24 INFO  ApacheHttpClient.getTask(488) - responseCode = 200
2023-03-28 12:06:25 INFO  ApacheHttpClient.getWebResourceAsStream(502) - responseCode = 200
2023-03-28 12:06:25 INFO  ProjectStartupHandler.runActivity(74) - ---------- Project opened ----------
2023-03-28 12:06:25 INFO  ProjectStartupHandler.runActivity(74) - ---------- Project opened ----------
2023-03-28 12:06:25 INFO  ProjectStartupHandler.runActivity(75) - ---------- Version 4.03 ----------

2023-03-28 12:06:25 INFO  ProjectStartupHandler.runActivity(75) - ---------- Version 4.03 ----------

2023-03-28 12:06:25 INFO  ProjectStartupHandler.setAutoscrolls(346) - Autoscrolls successfully set
2023-03-28 12:06:25 INFO  ProjectStartupHandler.setAutoscrolls(346) - Autoscrolls successfully set
2023-03-28 12:06:25 INFO  ApacheHttpClient.isSessionAppropriateWithSecretKey(602) - Waiting for server response.
2023-03-28 12:06:25 INFO  ApacheHttpClient.isSessionAppropriateWithSecretKey(602) - Waiting for server response.
2023-03-28 12:06:25 INFO  ApacheHttpClient.refreshUserInfo(305) - responseCode = 200
2023-03-28 12:06:25 INFO  ApacheHttpClient.refreshUserInfo(305) - responseCode = 200
2023-03-28 12:06:25 INFO  ApacheHttpClient.refreshUserInfo(311) - User information received.
2023-03-28 12:06:25 INFO  ApacheHttpClient.refreshUserInfo(311) - User information received.
2023-03-28 12:06:25 INFO  ApacheHttpClient.startGA(36) - GAService started.
2023-03-28 12:06:25 INFO  ApacheHttpClient.startGA(36) - GAService started.
2023-03-28 12:09:26 INFO  ProjectStartupHandler.runActivity(74) - ---------- Project opened ----------
2023-03-28 12:09:26 INFO  ProjectStartupHandler.runActivity(75) - ---------- Version 4.03 ----------

2023-03-28 12:09:26 INFO  ApacheHttpClient.isSessionAppropriateWithSecretKey(602) - Waiting for server response.
2023-03-28 12:09:26 INFO  ApacheHttpClient.refreshUserInfo(305) - responseCode = 200
2023-03-28 12:09:26 INFO  ApacheHttpClient.refreshUserInfo(311) - User information received.
2023-03-28 12:09:26 INFO  ApacheHttpClient.startGA(36) - GAService started.
2023-03-28 13:05:15 INFO  ProjectStartupHandler.projectClosing(155) - ---------- Project closed ----------

2023-03-28 13:05:15 INFO  PluginProjectService.dispose(41) - PluginProjectService for disposed.
2023-03-29 13:19:40 INFO  ProjectStartupHandler.runActivity(74) - ---------- Project opened ----------
2023-03-29 13:19:40 INFO  ProjectStartupHandler.runActivity(75) - ---------- Version 4.03 ----------

2023-03-29 13:19:40 INFO  ApacheHttpClient.isSessionAppropriateWithSecretKey(602) - Waiting for server response.
2023-03-29 13:19:41 INFO  ApacheHttpClient.refreshUserInfo(305) - responseCode = 200
2023-03-29 13:19:41 INFO  ApacheHttpClient.refreshUserInfo(311) - User information received.
2023-03-29 13:19:41 INFO  ApacheHttpClient.startGA(36) - GAService started.
2023-03-29 13:19:42 INFO  ProjectStartupHandler.projectClosing(155) - ---------- Project closed ----------

2023-03-29 13:19:42 INFO  PluginProjectService.dispose(41) - PluginProjectService for disposed.
2023-04-05 13:11:39 INFO  ProjectStartupHandler.runActivity(74) - ---------- Project opened ----------
2023-04-05 13:11:39 INFO  ProjectStartupHandler.runActivity(75) - ---------- Version 4.03 ----------

2023-04-05 13:11:39 INFO  ApacheHttpClient.isSessionAppropriateWithSecretKey(602) - Waiting for server response.
2023-04-05 13:11:40 INFO  ApacheHttpClient.refreshUserInfo(305) - responseCode = 200
2023-04-05 13:11:40 INFO  ApacheHttpClient.refreshUserInfo(311) - User information received.
2023-04-05 13:11:40 INFO  ApacheHttpClient.startGA(36) - GAService started.
2023-04-05 13:11:47 INFO  ApacheHttpClient.getWebResourceAsStream(502) - responseCode = 200
2023-04-05 13:11:47 INFO  ApacheHttpClient.getFilteredTasks(336) - responseCode = 200
2023-04-05 13:11:59 INFO  ApacheHttpClient.getTaskTemplateInfo(353) - responseCode = 200
2023-04-05 13:11:59 INFO  TaskInfoSelectorMouseListener.createDirectoryRecursive(78) - File created :/Users/admin/Downloads/JavaRushTasks/1.JavaSyntax/src/com/javarush/task/pro/task16
2023-04-05 13:11:59 INFO  TaskInfoSelectorMouseListener.createDirectoryRecursive(78) - File created :/Users/admin/Downloads/JavaRushTasks/1.JavaSyntax/src/com/javarush/task/pro/task16/task1610
2023-04-05 13:42:53 INFO  ApacheHttpClient.getWebResourceAsStream(502) - responseCode = 200
2023-04-05 13:42:54 INFO  ApacheHttpClient.completed(32) - responseCode = 200
2023-04-05 13:42:54 INFO  ApacheHttpClient.getTask(488) - responseCode = 200
2023-04-05 13:43:14 INFO  ApacheHttpClient.getWebResourceAsStream(502) - responseCode = 200
2023-04-05 13:43:14 INFO  ApacheHttpClient.getTask(488) - responseCode = 200
2023-04-05 13:43:14 INFO  ApacheHttpClient.completed(32) - responseCode = 200
2023-04-05 13:43:44 INFO  ApacheHttpClient.getWebResourceAsStream(502) - responseCode = 200
2023-04-05 13:43:44 INFO  ApacheHttpClient.getTask(488) - responseCode = 200
2023-04-05 13:43:45 INFO  ApacheHttpClient.completed(32) - responseCode = 200
2023-04-05 13:43:45 INFO  ApacheHttpClient.getTask(488) - responseCode = 200
2023-04-05 13:43:52 INFO  ApacheHttpClient.getWebResourceAsStream(502) - responseCode = 200
2023-04-05 13:43:52 INFO  ApacheHttpClient.getFilteredTasks(336) - responseCode = 200
2023-04-05 13:44:01 INFO  ApacheHttpClient.getTaskTemplateInfo(353) - responseCode = 200
2023-04-05 13:44:01 INFO  TaskInfoSelectorMouseListener.createDirectoryRecursive(78) - File created :/Users/admin/Downloads/JavaRushTasks/1.JavaSyntax/src/com/javarush/task/pro/task16/task1611
2023-04-05 13:45:20 INFO  ApacheHttpClient.getWebResourceAsStream(502) - responseCode = 200
2023-04-05 13:45:21 INFO  ApacheHttpClient.getTask(488) - responseCode = 200
2023-04-05 13:45:26 INFO  ApacheHttpClient.completed(32) - responseCode = 200
2023-04-05 13:46:02 INFO  ApacheHttpClient.getWebResourceAsStream(502) - responseCode = 200
2023-04-05 13:46:02 INFO  ApacheHttpClient.getTask(488) - responseCode = 200
2023-04-05 13:46:06 INFO  ApacheHttpClient.completed(32) - responseCode = 200
2023-04-05 13:46:12 INFO  ApacheHttpClient.getWebResourceAsStream(502) - responseCode = 200
2023-04-05 13:47:05 INFO  ApacheHttpClient.getWebResourceAsStream(502) - responseCode = 200
2023-04-05 13:47:05 INFO  ApacheHttpClient.getTask(488) - responseCode = 200
2023-04-05 13:47:05 INFO  ApacheHttpClient.completed(32) - responseCode = 200
2023-04-05 13:47:13 INFO  ApacheHttpClient.getWebResourceAsStream(502) - responseCode = 200
2023-04-05 13:47:22 INFO  ApacheHttpClient.getWebResourceAsStream(502) - responseCode = 200
2023-04-05 13:47:22 INFO  ApacheHttpClient.getTask(488) - responseCode = 200
2023-04-05 13:47:25 INFO  ApacheHttpClient.completed(32) - responseCode = 200
2023-04-05 13:47:25 INFO  ApacheHttpClient.getTask(488) - responseCode = 200
2023-04-05 14:11:14 INFO  ApacheHttpClient.getWebResourceAsStream(502) - responseCode = 200
2023-04-05 14:11:14 INFO  ApacheHttpClient.getFilteredTasks(336) - responseCode = 200
2023-04-05 14:11:21 INFO  ApacheHttpClient.getTaskTemplateInfo(353) - responseCode = 200
2023-04-05 14:11:21 INFO  TaskInfoSelectorMouseListener.createDirectoryRecursive(78) - File created :/Users/admin/Downloads/JavaRushTasks/1.JavaSyntax/src/com/javarush/task/pro/task16/task1612
2023-04-05 14:11:21 INFO  ApacheHttpClient.getTaskTemplateInfo(353) - responseCode = 200
2023-04-05 14:14:15 INFO  ApacheHttpClient.getWebResourceAsStream(502) - responseCode = 200
2023-04-05 14:14:15 INFO  ApacheHttpClient.getFilteredTasks(336) - responseCode = 200
2023-04-05 14:14:18 INFO  ApacheHttpClient.getTaskTemplateInfo(353) - responseCode = 200
2023-04-05 14:14:18 INFO  TaskInfoSelectorMouseListener.createDirectoryRecursive(78) - File created :/Users/admin/Downloads/JavaRushTasks/1.JavaSyntax/src/com/javarush/task/pro/task16/task1613
2023-04-05 14:14:19 INFO  ApacheHttpClient.getTaskTemplateInfo(353) - responseCode = 200
2023-04-05 14:19:03 INFO  ApacheHttpClient.getWebResourceAsStream(502) - responseCode = 200
2023-04-05 14:19:04 INFO  ApacheHttpClient.getFilteredTasks(336) - responseCode = 200
2023-04-05 14:19:13 INFO  TaskInfoSelectorMouseListener.createDirectoryRecursive(78) - File created :/Users/admin/Downloads/JavaRushTasks/lib
2023-04-05 14:19:14 INFO  ApacheHttpClient.getWebResourceAsStream(502) - responseCode = 200
2023-04-05 14:19:14 INFO  ApacheHttpClient.getWebResourceAsStream(502) - responseCode = 200
2023-04-05 14:19:14 INFO  ApacheHttpClient.getTaskTemplateInfo(353) - responseCode = 200
2023-04-05 14:19:14 INFO  TaskInfoSelectorMouseListener.createDirectoryRecursive(78) - File created :/Users/admin/Downloads/JavaRushTasks/8.Games/src/com
2023-04-05 14:19:14 INFO  TaskInfoSelectorMouseListener.createDirectoryRecursive(78) - File created :/Users/admin/Downloads/JavaRushTasks/8.Games/src/com/javarush
2023-04-05 14:19:14 INFO  TaskInfoSelectorMouseListener.createDirectoryRecursive(78) - File created :/Users/admin/Downloads/JavaRushTasks/8.Games/src/com/javarush/games
2023-04-05 14:19:14 INFO  TaskInfoSelectorMouseListener.createDirectoryRecursive(78) - File created :/Users/admin/Downloads/JavaRushTasks/8.Games/src/com/javarush/games/snake
2023-04-05 14:23:54 INFO  ApacheHttpClient.getWebResourceAsStream(502) - responseCode = 200
2023-04-05 14:32:15 INFO  ApacheHttpClient.getWebResourceAsStream(502) - responseCode = 200
2023-04-05 14:32:16 INFO  ApacheHttpClient.getTask(488) - responseCode = 200
2023-04-05 14:32:17 INFO  ApacheHttpClient.completed(32) - responseCode = 200
2023-04-05 14:32:17 INFO  ApacheHttpClient.getTask(488) - responseCode = 200
2023-04-05 14:32:45 INFO  ApacheHttpClient.getWebResourceAsStream(502) - responseCode = 200
2023-04-05 14:32:46 INFO  ApacheHttpClient.getFilteredTasks(336) - responseCode = 200
2023-04-05 14:32:47 INFO  ApacheHttpClient.getWebResourceAsStream(502) - responseCode = 200
2023-04-05 14:32:48 INFO  ApacheHttpClient.getTaskTemplateInfo(353) - responseCode = 200
2023-04-05 20:11:45 INFO  ProjectStartupHandler.runActivity(74) - ---------- Project opened ----------
2023-04-05 20:11:45 INFO  ProjectStartupHandler.runActivity(75) - ---------- Version 4.03 ----------

2023-04-05 20:11:45 INFO  ApacheHttpClient.isSessionAppropriateWithSecretKey(602) - Waiting for server response.
2023-04-05 20:11:45 INFO  ApacheHttpClient.refreshUserInfo(305) - responseCode = 200
2023-04-05 20:11:45 INFO  ApacheHttpClient.refreshUserInfo(311) - User information received.
2023-04-05 20:11:45 INFO  ApacheHttpClient.startGA(36) - GAService started.
2023-04-06 11:36:02 INFO  ApacheHttpClient.getWebResourceAsStream(502) - responseCode = 200
2023-04-06 11:36:03 INFO  ApacheHttpClient.getFilteredTasks(336) - responseCode = 200
2023-04-06 11:36:06 INFO  ApacheHttpClient.getTaskTemplateInfo(353) - responseCode = 200
2023-04-06 11:36:26 INFO  ApacheHttpClient.getWebResourceAsStream(502) - responseCode = 200
2023-04-06 11:38:37 INFO  ApacheHttpClient.getWebResourceAsStream(502) - responseCode = 200
2023-04-06 11:42:51 INFO  ApacheHttpClient.getWebResourceAsStream(502) - responseCode = 200
2023-04-06 11:42:52 INFO  ApacheHttpClient.getTask(488) - responseCode = 200
2023-04-06 11:42:53 INFO  ApacheHttpClient.completed(32) - responseCode = 200
2023-04-06 11:42:53 INFO  ApacheHttpClient.getTask(488) - responseCode = 200
2023-04-06 11:43:40 INFO  ProjectStartupHandler.projectClosing(155) - ---------- Project closed ----------

2023-04-06 11:43:40 INFO  ApacheHttpClient.getTask(488) - responseCode = 200
2023-04-06 11:43:40 INFO  ApacheHttpClient.getTask(488) - responseCode = 200
2023-04-06 11:43:40 INFO  ApacheHttpClient.getTask(488) - responseCode = 200
2023-04-06 11:43:41 INFO  ApacheHttpClient.getTask(488) - responseCode = 200
2023-04-06 11:43:41 INFO  ApacheHttpClient.getTask(488) - responseCode = 200
2023-04-06 11:43:41 INFO  PluginProjectService.dispose(41) - PluginProjectService for disposed.
2023-04-06 12:00:36 INFO  ProjectStartupHandler.runActivity(74) - ---------- Project opened ----------
2023-04-06 12:00:36 INFO  ProjectStartupHandler.runActivity(75) - ---------- Version 4.03 ----------

2023-04-06 12:00:36 INFO  ApacheHttpClient.isSessionAppropriateWithSecretKey(602) - Waiting for server response.
2023-04-06 12:00:36 INFO  ApacheHttpClient.refreshUserInfo(305) - responseCode = 200
2023-04-06 12:00:37 INFO  ApacheHttpClient.refreshUserInfo(311) - User information received.
2023-04-06 12:00:37 INFO  ApacheHttpClient.startGA(36) - GAService started.
2023-04-06 12:01:19 INFO  ApacheHttpClient.getWebResourceAsStream(502) - responseCode = 200
2023-04-06 12:01:20 INFO  ApacheHttpClient.getFilteredTasks(336) - responseCode = 200
2023-04-06 12:01:23 INFO  ApacheHttpClient.getTaskTemplateInfo(353) - responseCode = 200
2023-04-06 12:01:23 INFO  TaskInfoSelectorMouseListener.createDirectoryRecursive(78) - File created :/Users/admin/Downloads/JavaRushTasks/1.JavaSyntax/src/com/javarush/task/pro/task16/task1614
2023-04-06 12:08:10 INFO  ApacheHttpClient.getWebResourceAsStream(502) - responseCode = 200
2023-04-06 12:08:10 INFO  ApacheHttpClient.getTask(488) - responseCode = 200
2023-04-06 12:08:11 INFO  ApacheHttpClient.completed(32) - responseCode = 200
2023-04-06 12:08:12 INFO  ApacheHttpClient.getTask(488) - responseCode = 200
2023-04-06 12:09:37 INFO  ApacheHttpClient.getWebResourceAsStream(502) - responseCode = 200
2023-04-06 12:09:37 INFO  ApacheHttpClient.getFilteredTasks(336) - responseCode = 200
2023-04-06 12:09:40 INFO  ApacheHttpClient.getTaskTemplateInfo(353) - responseCode = 200
2023-04-06 12:09:40 INFO  TaskInfoSelectorMouseListener.createDirectoryRecursive(78) - File created :/Users/admin/Downloads/JavaRushTasks/1.JavaSyntax/src/com/javarush/task/pro/task16/task1615
2023-04-06 12:14:52 INFO  ApacheHttpClient.getWebResourceAsStream(502) - responseCode = 200
2023-04-06 12:14:52 INFO  ApacheHttpClient.getTask(488) - responseCode = 200
2023-04-06 12:14:53 INFO  ApacheHttpClient.completed(32) - responseCode = 200
2023-04-06 12:14:53 INFO  ApacheHttpClient.getTask(488) - responseCode = 200
2023-04-06 12:19:22 INFO  ApacheHttpClient.getWebResourceAsStream(502) - responseCode = 200
2023-04-06 12:19:23 INFO  ApacheHttpClient.getFilteredTasks(336) - responseCode = 200
2023-04-06 12:19:38 INFO  ApacheHttpClient.getWebResourceAsStream(502) - responseCode = 200
2023-04-06 12:19:39 INFO  ApacheHttpClient.getFilteredTasks(336) - responseCode = 200
2023-04-06 12:19:40 INFO  ApacheHttpClient.getTaskTemplateInfo(353) - responseCode = 200
2023-04-06 12:19:40 INFO  TaskInfoSelectorMouseListener.createDirectoryRecursive(78) - File created :/Users/admin/Downloads/JavaRushTasks/1.JavaSyntax/src/com/javarush/task/pro/task16/task1616
2023-04-06 12:28:34 INFO  ApacheHttpClient.getWebResourceAsStream(502) - responseCode = 200
2023-04-06 12:28:34 INFO  ApacheHttpClient.completed(32) - responseCode = 200
2023-04-06 12:28:34 INFO  ApacheHttpClient.getTask(488) - responseCode = 200
2023-04-06 12:28:51 INFO  ApacheHttpClient.getWebResourceAsStream(502) - responseCode = 200
2023-04-06 12:28:51 INFO  ApacheHttpClient.getTask(488) - responseCode = 200
2023-04-06 12:28:52 INFO  ApacheHttpClient.completed(32) - responseCode = 200
2023-04-06 12:28:52 INFO  ApacheHttpClient.getTask(488) - responseCode = 200
2023-04-06 12:29:09 INFO  ApacheHttpClient.getWebResourceAsStream(502) - responseCode = 200
2023-04-06 12:29:09 INFO  ApacheHttpClient.getFilteredTasks(336) - responseCode = 200
2023-04-06 12:29:15 INFO  ApacheHttpClient.getTaskTemplateInfo(353) - responseCode = 200
2023-04-06 12:29:15 INFO  TaskInfoSelectorMouseListener.createDirectoryRecursive(78) - File created :/Users/admin/Downloads/JavaRushTasks/1.JavaSyntax/src/com/javarush/task/pro/task16/task1617
2023-04-06 12:33:02 INFO  ApacheHttpClient.getWebResourceAsStream(502) - responseCode = 200
2023-04-06 12:33:35 INFO  ApacheHttpClient.getWebResourceAsStream(502) - responseCode = 200
2023-04-06 12:33:35 WARN  PluginUtil.getCurrentTask(77) - Error while retrieving the task key.
java.lang.StringIndexOutOfBoundsException: begin -1, end 5, length 5
	at java.base/java.lang.String.checkBoundsBeginEnd(String.java:4604)
	at java.base/java.lang.String.substring(String.java:2707)
	at java.base/java.lang.String.substring(String.java:2680)
	at com.homework.plugin.PluginUtil.getCurrentVirtualFile(PluginUtil.java:159)
	at com.homework.plugin.PluginUtil.getCurrentTask(PluginUtil.java:68)
	at com.homework.plugin.button.CorrectSolutionButton.actionPerformed(CorrectSolutionButton.java:59)
	at com.intellij.openapi.actionSystem.impl.ActionButton.actionPerformed(ActionButton.java:197)
	at com.intellij.openapi.actionSystem.impl.ActionButton.lambda$performAction$0(ActionButton.java:176)
	at com.intellij.openapi.actionSystem.ex.ActionUtil.performDumbAwareWithCallbacks(ActionUtil.java:346)
	at com.intellij.openapi.actionSystem.impl.ActionButton.performAction(ActionButton.java:176)
	at com.intellij.openapi.actionSystem.impl.ActionButton.processMouseEvent(ActionButton.java:465)
	at java.desktop/java.awt.Component.processEvent(Component.java:6413)
	at java.desktop/java.awt.Container.processEvent(Container.java:2266)
	at java.desktop/java.awt.Component.dispatchEventImpl(Component.java:5022)
	at java.desktop/java.awt.Container.dispatchEventImpl(Container.java:2324)
	at java.desktop/java.awt.Component.dispatchEvent(Component.java:4854)
	at java.desktop/java.awt.LightweightDispatcher.retargetMouseEvent(Container.java:4948)
	at java.desktop/java.awt.LightweightDispatcher.processMouseEvent(Container.java:4575)
	at java.desktop/java.awt.LightweightDispatcher.dispatchEvent(Container.java:4516)
	at java.desktop/java.awt.Container.dispatchEventImpl(Container.java:2310)
	at java.desktop/java.awt.Window.dispatchEventImpl(Window.java:2802)
	at java.desktop/java.awt.Component.dispatchEvent(Component.java:4854)
	at java.desktop/java.awt.EventQueue.dispatchEventImpl(EventQueue.java:781)
	at java.desktop/java.awt.EventQueue$4.run(EventQueue.java:730)
	at java.desktop/java.awt.EventQueue$4.run(EventQueue.java:724)
	at java.base/java.security.AccessController.doPrivileged(AccessController.java:399)
	at java.base/java.security.ProtectionDomain$JavaSecurityAccessImpl.doIntersectionPrivilege(ProtectionDomain.java:86)
	at java.base/java.security.ProtectionDomain$JavaSecurityAccessImpl.doIntersectionPrivilege(ProtectionDomain.java:97)
	at java.desktop/java.awt.EventQueue$5.run(EventQueue.java:754)
	at java.desktop/java.awt.EventQueue$5.run(EventQueue.java:752)
	at java.base/java.security.AccessController.doPrivileged(AccessController.java:399)
	at java.base/java.security.ProtectionDomain$JavaSecurityAccessImpl.doIntersectionPrivilege(ProtectionDomain.java:86)
	at java.desktop/java.awt.EventQueue.dispatchEvent(EventQueue.java:751)
	at com.intellij.ide.IdeEventQueue.defaultDispatchEvent(IdeEventQueue.java:909)
	at com.intellij.ide.IdeEventQueue.dispatchMouseEvent(IdeEventQueue.java:831)
	at com.intellij.ide.IdeEventQueue._dispatchEvent(IdeEventQueue.java:753)
	at com.intellij.ide.IdeEventQueue.lambda$dispatchEvent$5(IdeEventQueue.java:437)
	at com.intellij.openapi.progress.impl.CoreProgressManager.computePrioritized(CoreProgressManager.java:772)
	at com.intellij.ide.IdeEventQueue.lambda$dispatchEvent$6(IdeEventQueue.java:436)
	at com.intellij.openapi.application.TransactionGuardImpl.performActivity(TransactionGuardImpl.java:113)
	at com.intellij.ide.IdeEventQueue.performActivity(IdeEventQueue.java:615)
	at com.intellij.ide.IdeEventQueue.lambda$dispatchEvent$7(IdeEventQueue.java:434)
	at com.intellij.openapi.application.impl.ApplicationImpl.runIntendedWriteActionOnCurrentThread(ApplicationImpl.java:813)
	at com.intellij.ide.IdeEventQueue.dispatchEvent(IdeEventQueue.java:480)
	at java.desktop/java.awt.EventDispatchThread.pumpOneEventForFilters(EventDispatchThread.java:207)
	at java.desktop/java.awt.EventDispatchThread.pumpEventsForFilter(EventDispatchThread.java:128)
	at java.desktop/java.awt.EventDispatchThread.pumpEventsForHierarchy(EventDispatchThread.java:117)
	at java.desktop/java.awt.EventDispatchThread.pumpEvents(EventDispatchThread.java:113)
	at java.desktop/java.awt.EventDispatchThread.pumpEvents(EventDispatchThread.java:105)
	at java.desktop/java.awt.EventDispatchThread.run(EventDispatchThread.java:92)
2023-04-06 12:34:08 INFO  ApacheHttpClient.getWebResourceAsStream(502) - responseCode = 200
2023-04-06 12:34:08 INFO  ApacheHttpClient.getTask(488) - responseCode = 200
2023-04-06 12:34:09 INFO  ApacheHttpClient.completed(32) - responseCode = 200
2023-04-06 12:34:09 INFO  ApacheHttpClient.getTask(488) - responseCode = 200
2023-04-06 12:37:18 INFO  ApacheHttpClient.getWebResourceAsStream(502) - responseCode = 200
2023-04-06 12:37:18 INFO  ApacheHttpClient.getFilteredTasks(336) - responseCode = 200
2023-04-06 12:37:20 INFO  ApacheHttpClient.getTaskTemplateInfo(353) - responseCode = 200
2023-04-06 12:37:20 INFO  TaskInfoSelectorMouseListener.createDirectoryRecursive(78) - File created :/Users/admin/Downloads/JavaRushTasks/1.JavaSyntax/src/com/javarush/task/pro/task16/task1618
2023-04-06 12:39:36 INFO  ApacheHttpClient.getWebResourceAsStream(502) - responseCode = 200
2023-04-06 12:41:26 INFO  ApacheHttpClient.getWebResourceAsStream(502) - responseCode = 200
2023-04-06 12:41:27 INFO  ApacheHttpClient.getTask(488) - responseCode = 200
2023-04-06 12:41:29 INFO  ApacheHttpClient.completed(32) - responseCode = 200
2023-04-06 12:41:29 INFO  ApacheHttpClient.getTask(488) - responseCode = 200
2023-04-06 12:56:05 INFO  ApacheHttpClient.getWebResourceAsStream(502) - responseCode = 200
2023-04-06 12:56:06 INFO  ApacheHttpClient.getFilteredTasks(336) - responseCode = 200
2023-04-06 12:56:07 INFO  ApacheHttpClient.getTaskTemplateInfo(353) - responseCode = 200
2023-04-06 12:56:07 INFO  TaskInfoSelectorMouseListener.createDirectoryRecursive(78) - File created :/Users/admin/Downloads/JavaRushTasks/1.JavaSyntax/src/com/javarush/task/pro/task16/task1619
2023-04-06 12:56:34 INFO  ApacheHttpClient.getWebResourceAsStream(502) - responseCode = 200
2023-04-06 12:59:27 INFO  ApacheHttpClient.getWebResourceAsStream(502) - responseCode = 200
2023-04-06 13:00:54 INFO  ApacheHttpClient.getWebResourceAsStream(502) - responseCode = 200
2023-04-06 13:00:54 INFO  ApacheHttpClient.getTask(488) - responseCode = 200
2023-04-06 13:00:55 INFO  ApacheHttpClient.completed(32) - responseCode = 200
2023-04-06 13:01:33 INFO  ApacheHttpClient.getWebResourceAsStream(502) - responseCode = 200
2023-04-06 13:01:33 INFO  ApacheHttpClient.getTask(488) - responseCode = 200
2023-04-06 13:01:34 INFO  ApacheHttpClient.completed(32) - responseCode = 200
2023-04-06 13:02:03 INFO  ApacheHttpClient.getWebResourceAsStream(502) - responseCode = 200
2023-04-06 13:02:46 INFO  ApacheHttpClient.getWebResourceAsStream(502) - responseCode = 200
2023-04-06 13:02:47 INFO  ApacheHttpClient.getTask(488) - responseCode = 200
2023-04-06 13:02:47 INFO  ApacheHttpClient.completed(32) - responseCode = 200
2023-04-06 13:02:47 INFO  ApacheHttpClient.getTask(488) - responseCode = 200
2023-04-06 13:02:53 INFO  ApacheHttpClient.getWebResourceAsStream(502) - responseCode = 200
2023-04-06 13:02:53 INFO  ApacheHttpClient.getFilteredTasks(336) - responseCode = 200
2023-04-06 13:02:59 INFO  ApacheHttpClient.getTaskTemplateInfo(353) - responseCode = 200
2023-04-06 13:02:59 INFO  TaskInfoSelectorMouseListener.createDirectoryRecursive(78) - File created :/Users/admin/Downloads/JavaRushTasks/1.JavaSyntax/src/com/javarush/task/pro/task16/task1620
2023-04-06 13:03:00 INFO  ApacheHttpClient.getTaskTemplateInfo(353) - responseCode = 200
2023-04-06 13:11:38 INFO  ApacheHttpClient.getWebResourceAsStream(502) - responseCode = 200
2023-04-06 13:11:39 INFO  ApacheHttpClient.getTask(488) - responseCode = 200
2023-04-06 13:11:39 INFO  ApacheHttpClient.completed(32) - responseCode = 200
2023-04-06 13:11:40 INFO  ApacheHttpClient.getTask(488) - responseCode = 200
2023-04-06 13:24:10 INFO  ApacheHttpClient.getWebResourceAsStream(502) - responseCode = 200
2023-04-06 13:24:11 INFO  ApacheHttpClient.getFilteredTasks(336) - responseCode = 200
2023-04-06 13:24:16 INFO  ApacheHttpClient.getTaskTemplateInfo(353) - responseCode = 200
2023-04-06 13:24:16 INFO  TaskInfoSelectorMouseListener.createDirectoryRecursive(78) - File created :/Users/admin/Downloads/JavaRushTasks/1.JavaSyntax/src/com/javarush/task/pro/task16/task1621
2023-04-06 13:28:31 INFO  ApacheHttpClient.getWebResourceAsStream(502) - responseCode = 200
2023-04-06 13:28:32 INFO  ApacheHttpClient.getTask(488) - responseCode = 200
2023-04-06 13:28:35 INFO  ApacheHttpClient.completed(32) - responseCode = 200
2023-04-06 13:28:36 INFO  ApacheHttpClient.getTask(488) - responseCode = 200
2023-04-06 13:29:02 INFO  ProjectStartupHandler.projectClosing(155) - ---------- Project closed ----------

2023-04-06 13:29:03 INFO  ApacheHttpClient.getTask(488) - responseCode = 200
2023-04-06 13:29:03 INFO  ApacheHttpClient.getTask(488) - responseCode = 200
2023-04-06 13:29:03 INFO  ApacheHttpClient.getTask(488) - responseCode = 200
2023-04-06 13:29:03 INFO  ApacheHttpClient.getTask(488) - responseCode = 200
2023-04-06 13:29:04 INFO  ApacheHttpClient.getTask(488) - responseCode = 200
2023-04-06 13:29:04 INFO  ApacheHttpClient.getTask(488) - responseCode = 200
2023-04-06 13:29:04 INFO  ApacheHttpClient.getTask(488) - responseCode = 200
2023-04-06 13:29:04 INFO  ApacheHttpClient.getTask(488) - responseCode = 200
2023-04-06 13:29:05 INFO  ApacheHttpClient.getTask(488) - responseCode = 200
2023-04-06 13:29:05 INFO  PluginProjectService.dispose(41) - PluginProjectService for disposed.
2023-04-07 12:15:07 INFO  ProjectStartupHandler.runActivity(74) - ---------- Project opened ----------
2023-04-07 12:15:07 INFO  ProjectStartupHandler.runActivity(75) - ---------- Version 4.03 ----------

2023-04-07 12:15:07 INFO  ApacheHttpClient.isSessionAppropriateWithSecretKey(602) - Waiting for server response.
2023-04-07 12:15:07 INFO  ApacheHttpClient.isSessionAppropriateWithSecretKey(602) - Waiting for server response.
2023-04-07 12:15:07 INFO  ApacheHttpClient.refreshUserInfo(305) - responseCode = 200
2023-04-07 12:15:07 INFO  ApacheHttpClient.refreshUserInfo(311) - User information received.
2023-04-07 12:15:07 INFO  ApacheHttpClient.startGA(36) - GAService started.
2023-04-07 12:30:29 INFO  ApacheHttpClient.getWebResourceAsStream(502) - responseCode = 200
2023-04-07 12:30:29 INFO  ApacheHttpClient.getFilteredTasks(336) - responseCode = 200
2023-04-07 12:30:32 INFO  ApacheHttpClient.getWebResourceAsStream(502) - responseCode = 200
2023-04-07 12:30:32 INFO  ApacheHttpClient.getTaskTemplateInfo(353) - responseCode = 200
2023-04-07 12:30:32 INFO  ApacheHttpClient.getWebResourceAsStream(502) - responseCode = 200
2023-04-07 12:30:33 INFO  ApacheHttpClient.getTaskTemplateInfo(353) - responseCode = 200
2023-04-07 12:44:04 INFO  ProjectStartupHandler.projectClosing(155) - ---------- Project closed ----------

2023-04-07 12:44:04 INFO  ApacheHttpClient.getTask(488) - responseCode = 200
2023-04-07 12:44:04 INFO  PluginProjectService.dispose(41) - PluginProjectService for disposed.
2023-04-07 13:05:33 INFO  PluginProjectService.<init>(33) - PluginProjectService for JavaRushTasks initiated.
2023-04-07 13:05:38 INFO  ApacheHttpClient.getWebResourceAsStream(502) - responseCode = 200
2023-04-07 13:05:38 INFO  ProjectStartupHandler.runActivity(74) - ---------- Project opened ----------
2023-04-07 13:05:38 INFO  ProjectStartupHandler.runActivity(74) - ---------- Project opened ----------
2023-04-07 13:05:38 INFO  ProjectStartupHandler.runActivity(75) - ---------- Version 4.03 ----------

2023-04-07 13:05:38 INFO  ProjectStartupHandler.runActivity(75) - ---------- Version 4.03 ----------

2023-04-07 13:05:38 INFO  ApacheHttpClient.isSessionAppropriateWithSecretKey(602) - Waiting for server response.
2023-04-07 13:05:38 INFO  ApacheHttpClient.isSessionAppropriateWithSecretKey(602) - Waiting for server response.
2023-04-07 13:05:38 INFO  ApacheHttpClient.refreshUserInfo(305) - responseCode = 200
2023-04-07 13:05:38 INFO  ApacheHttpClient.refreshUserInfo(305) - responseCode = 200
2023-04-07 13:05:38 INFO  ApacheHttpClient.refreshUserInfo(311) - User information received.
2023-04-07 13:05:38 INFO  ApacheHttpClient.refreshUserInfo(311) - User information received.
2023-04-07 13:05:38 INFO  ApacheHttpClient.startGA(36) - GAService started.
2023-04-07 13:05:38 INFO  ApacheHttpClient.startGA(36) - GAService started.
2023-04-07 13:33:32 INFO  ProjectStartupHandler.projectClosing(155) - ---------- Project closed ----------

2023-04-07 13:33:32 INFO  ProjectStartupHandler.projectClosing(155) - ---------- Project closed ----------

2023-04-07 13:33:33 INFO  PluginProjectService.dispose(41) - PluginProjectService for disposed.
2023-04-07 13:33:33 INFO  PluginProjectService.dispose(41) - PluginProjectService for disposed.
2023-04-08 11:47:55 INFO  ProjectStartupHandler.runActivity(74) - ---------- Project opened ----------
2023-04-08 11:47:55 INFO  ProjectStartupHandler.runActivity(75) - ---------- Version 4.03 ----------

2023-04-08 11:47:55 INFO  ApacheHttpClient.isSessionAppropriateWithSecretKey(602) - Waiting for server response.
2023-04-08 11:47:55 INFO  ApacheHttpClient.refreshUserInfo(305) - responseCode = 200
2023-04-08 11:47:55 INFO  ApacheHttpClient.refreshUserInfo(311) - User information received.
2023-04-08 11:47:55 INFO  ApacheHttpClient.startGA(36) - GAService started.
2023-04-08 11:47:59 INFO  ApacheHttpClient.getWebResourceAsStream(502) - responseCode = 200
2023-04-08 11:47:59 INFO  ApacheHttpClient.getFilteredTasks(336) - responseCode = 200
2023-04-08 11:48:01 INFO  ApacheHttpClient.getTaskTemplateInfo(353) - responseCode = 200
2023-04-08 11:48:01 INFO  TaskInfoSelectorMouseListener.createDirectoryRecursive(78) - File created :/Users/admin/Downloads/JavaRushTasks/1.JavaSyntax/src/com/javarush/task/pro/task17
2023-04-08 11:48:01 INFO  TaskInfoSelectorMouseListener.createDirectoryRecursive(78) - File created :/Users/admin/Downloads/JavaRushTasks/1.JavaSyntax/src/com/javarush/task/pro/task17/task1701
2023-04-08 11:51:04 INFO  ApacheHttpClient.getWebResourceAsStream(502) - responseCode = 200
2023-04-08 11:51:04 INFO  ApacheHttpClient.getTask(488) - responseCode = 200
2023-04-08 11:51:05 INFO  ApacheHttpClient.completed(32) - responseCode = 200
2023-04-08 11:51:05 INFO  ApacheHttpClient.getTask(488) - responseCode = 200
2023-04-08 11:51:10 INFO  ApacheHttpClient.getWebResourceAsStream(502) - responseCode = 200
2023-04-08 11:51:10 INFO  ApacheHttpClient.getFilteredTasks(336) - responseCode = 200
2023-04-08 11:51:12 INFO  ApacheHttpClient.getTaskTemplateInfo(353) - responseCode = 200
2023-04-08 11:51:12 INFO  TaskInfoSelectorMouseListener.createDirectoryRecursive(78) - File created :/Users/admin/Downloads/JavaRushTasks/1.JavaSyntax/src/com/javarush/task/pro/task17/task1702
2023-04-08 11:53:52 INFO  ApacheHttpClient.getWebResourceAsStream(502) - responseCode = 200
2023-04-08 11:53:52 INFO  ApacheHttpClient.getTask(488) - responseCode = 200
2023-04-08 11:53:53 INFO  ApacheHttpClient.completed(32) - responseCode = 200
2023-04-08 11:53:53 INFO  ApacheHttpClient.getTask(488) - responseCode = 200
2023-04-08 12:19:55 INFO  ProjectStartupHandler.projectClosing(155) - ---------- Project closed ----------

2023-04-08 12:19:55 INFO  ApacheHttpClient.getTask(488) - responseCode = 200
2023-04-08 12:19:55 INFO  ApacheHttpClient.getTask(488) - responseCode = 200
2023-04-08 12:19:55 INFO  PluginProjectService.dispose(41) - PluginProjectService for disposed.
2023-04-09 11:41:48 INFO  ProjectStartupHandler.runActivity(74) - ---------- Project opened ----------
2023-04-09 11:41:48 INFO  ProjectStartupHandler.runActivity(75) - ---------- Version 4.03 ----------

2023-04-09 11:41:48 INFO  ApacheHttpClient.isSessionAppropriateWithSecretKey(602) - Waiting for server response.
2023-04-09 11:41:48 INFO  ApacheHttpClient.startGA(36) - GAService started.
2023-04-09 11:47:11 INFO  ApacheHttpClient.getWebResourceAsStream(502) - responseCode = 200
2023-04-09 11:48:11 INFO  ApacheHttpClient.getWebResourceAsStream(502) - responseCode = 200
2023-04-09 11:48:12 INFO  ApacheHttpClient.getTask(488) - responseCode = 200
2023-04-09 11:48:13 INFO  ApacheHttpClient.completed(32) - responseCode = 200
2023-04-09 11:48:13 INFO  ApacheHttpClient.getTask(488) - responseCode = 200
2023-04-09 11:48:18 INFO  ApacheHttpClient.getWebResourceAsStream(502) - responseCode = 200
2023-04-09 11:48:18 INFO  ApacheHttpClient.getFilteredTasks(336) - responseCode = 200
2023-04-09 11:48:20 INFO  ApacheHttpClient.getTaskTemplateInfo(353) - responseCode = 200
2023-04-09 11:48:20 INFO  TaskInfoSelectorMouseListener.createDirectoryRecursive(78) - File created :/Users/admin/Downloads/JavaRushTasks/1.JavaSyntax/src/com/javarush/task/pro/task17/task1704
2023-04-09 11:51:18 INFO  ApacheHttpClient.getWebResourceAsStream(502) - responseCode = 200
2023-04-09 11:54:23 INFO  ApacheHttpClient.getWebResourceAsStream(502) - responseCode = 200
2023-04-09 11:54:23 INFO  ApacheHttpClient.getTask(488) - responseCode = 200
2023-04-09 11:54:28 INFO  ApacheHttpClient.completed(32) - responseCode = 200
2023-04-09 11:54:28 INFO  ApacheHttpClient.getTask(488) - responseCode = 200
2023-04-09 12:05:53 INFO  ApacheHttpClient.getWebResourceAsStream(502) - responseCode = 200
2023-04-09 12:05:54 INFO  ApacheHttpClient.getFilteredTasks(336) - responseCode = 200
2023-04-09 12:05:56 INFO  ApacheHttpClient.getTaskTemplateInfo(353) - responseCode = 200
2023-04-09 12:05:56 INFO  TaskInfoSelectorMouseListener.createDirectoryRecursive(78) - File created :/Users/admin/Downloads/JavaRushTasks/1.JavaSyntax/src/com/javarush/task/pro/task17/task1705
2023-04-09 12:06:10 INFO  ApacheHttpClient.getWebResourceAsStream(502) - responseCode = 200
2023-04-09 12:06:10 INFO  ApacheHttpClient.getFilteredTasks(336) - responseCode = 200
2023-04-09 12:06:14 INFO  ApacheHttpClient.getTaskTemplateInfo(353) - responseCode = 200
2023-04-09 12:06:15 INFO  ApacheHttpClient.getTaskTemplateInfo(353) - responseCode = 200
2023-04-09 12:06:43 INFO  ApacheHttpClient.getWebResourceAsStream(502) - responseCode = 200
2023-04-09 12:09:34 INFO  ApacheHttpClient.getWebResourceAsStream(502) - responseCode = 200
2023-04-09 12:09:35 INFO  ApacheHttpClient.getTask(488) - responseCode = 200
2023-04-09 12:09:41 INFO  ApacheHttpClient.completed(32) - responseCode = 200
2023-04-09 12:09:42 INFO  ApacheHttpClient.getTask(488) - responseCode = 200
2023-04-09 12:09:52 INFO  ApacheHttpClient.getWebResourceAsStream(502) - responseCode = 200
2023-04-09 12:09:52 INFO  ApacheHttpClient.getFilteredTasks(336) - responseCode = 200
2023-04-09 12:09:54 INFO  ApacheHttpClient.getTaskTemplateInfo(353) - responseCode = 200
2023-04-09 12:09:54 INFO  TaskInfoSelectorMouseListener.createDirectoryRecursive(78) - File created :/Users/admin/Downloads/JavaRushTasks/1.JavaSyntax/src/com/javarush/task/pro/task17/task1706
2023-04-09 12:12:52 INFO  ApacheHttpClient.getWebResourceAsStream(502) - responseCode = 200
2023-04-09 12:14:52 INFO  ApacheHttpClient.getWebResourceAsStream(502) - responseCode = 200
2023-04-09 12:14:52 INFO  ApacheHttpClient.getTask(488) - responseCode = 200
2023-04-09 12:14:53 INFO  ApacheHttpClient.completed(32) - responseCode = 200
2023-04-09 12:14:53 INFO  ApacheHttpClient.getTask(488) - responseCode = 200
2023-04-09 12:22:54 INFO  ApacheHttpClient.getWebResourceAsStream(502) - responseCode = 200
2023-04-09 12:22:55 INFO  ApacheHttpClient.getFilteredTasks(336) - responseCode = 200
2023-04-09 12:22:59 INFO  ApacheHttpClient.getTaskTemplateInfo(353) - responseCode = 200
2023-04-09 12:22:59 INFO  TaskInfoSelectorMouseListener.createDirectoryRecursive(78) - File created :/Users/admin/Downloads/JavaRushTasks/1.JavaSyntax/src/com/javarush/task/pro/task17/task1707
2023-04-09 12:22:59 INFO  ApacheHttpClient.getTaskTemplateInfo(353) - responseCode = 200
2023-04-09 12:25:04 INFO  ApacheHttpClient.getWebResourceAsStream(502) - responseCode = 200
2023-04-09 12:26:20 INFO  ApacheHttpClient.getWebResourceAsStream(502) - responseCode = 200
2023-04-09 12:26:20 INFO  ApacheHttpClient.getTask(488) - responseCode = 200
2023-04-09 12:26:22 INFO  ApacheHttpClient.completed(32) - responseCode = 200
2023-04-09 12:26:22 INFO  ApacheHttpClient.getTask(488) - responseCode = 200
2023-04-09 12:32:22 INFO  ApacheHttpClient.getWebResourceAsStream(502) - responseCode = 200
2023-04-09 12:32:22 INFO  ApacheHttpClient.getFilteredTasks(336) - responseCode = 200
2023-04-09 12:32:25 INFO  ApacheHttpClient.getTaskTemplateInfo(353) - responseCode = 200
2023-04-09 12:32:25 INFO  TaskInfoSelectorMouseListener.createDirectoryRecursive(78) - File created :/Users/admin/Downloads/JavaRushTasks/1.JavaSyntax/src/com/javarush/task/pro/task17/task1708
2023-04-09 12:34:37 INFO  ApacheHttpClient.getWebResourceAsStream(502) - responseCode = 200
2023-04-09 12:39:26 INFO  ApacheHttpClient.getWebResourceAsStream(502) - responseCode = 200
2023-04-09 12:39:27 INFO  ApacheHttpClient.completed(32) - responseCode = 200
2023-04-09 12:39:27 INFO  ApacheHttpClient.getTask(488) - responseCode = 200
2023-04-09 12:39:40 INFO  ApacheHttpClient.getWebResourceAsStream(502) - responseCode = 200
2023-04-09 12:39:41 INFO  ApacheHttpClient.getTask(488) - responseCode = 200
2023-04-09 12:39:42 INFO  ApacheHttpClient.completed(32) - responseCode = 200
2023-04-09 12:39:42 INFO  ApacheHttpClient.getTask(488) - responseCode = 200
2023-04-09 12:40:24 INFO  ProjectStartupHandler.projectClosing(155) - ---------- Project closed ----------

2023-04-09 12:40:24 INFO  ApacheHttpClient.getTask(488) - responseCode = 200
2023-04-09 12:40:24 INFO  ApacheHttpClient.getTask(488) - responseCode = 200
2023-04-09 12:40:24 INFO  ApacheHttpClient.getTask(488) - responseCode = 200
2023-04-09 12:40:24 INFO  ApacheHttpClient.getTask(488) - responseCode = 200
2023-04-09 12:40:24 INFO  ApacheHttpClient.getTask(488) - responseCode = 200
2023-04-09 12:40:25 INFO  ApacheHttpClient.getTask(488) - responseCode = 200
2023-04-09 12:40:25 INFO  PluginProjectService.dispose(41) - PluginProjectService for disposed.
2023-04-10 12:21:34 INFO  ProjectStartupHandler.runActivity(74) - ---------- Project opened ----------
2023-04-10 12:21:34 INFO  ProjectStartupHandler.runActivity(75) - ---------- Version 4.03 ----------

2023-04-10 12:21:34 INFO  ApacheHttpClient.isSessionAppropriateWithSecretKey(602) - Waiting for server response.
2023-04-10 12:21:34 INFO  ApacheHttpClient.refreshUserInfo(305) - responseCode = 200
2023-04-10 12:21:34 INFO  ApacheHttpClient.refreshUserInfo(311) - User information received.
2023-04-10 12:21:34 INFO  ApacheHttpClient.startGA(36) - GAService started.
2023-04-10 12:21:38 INFO  ApacheHttpClient.getWebResourceAsStream(502) - responseCode = 200
2023-04-10 12:21:38 INFO  ApacheHttpClient.getFilteredTasks(336) - responseCode = 200
2023-04-10 12:21:41 INFO  ApacheHttpClient.getTaskTemplateInfo(353) - responseCode = 200
2023-04-10 12:21:41 INFO  TaskInfoSelectorMouseListener.createDirectoryRecursive(78) - File created :/Users/admin/Downloads/JavaRushTasks/1.JavaSyntax/src/com/javarush/task/pro/task17/task1709
2023-04-10 12:35:56 INFO  ApacheHttpClient.getWebResourceAsStream(502) - responseCode = 200
2023-04-10 12:35:56 INFO  ApacheHttpClient.getTask(488) - responseCode = 200
2023-04-10 12:35:57 INFO  ApacheHttpClient.completed(32) - responseCode = 200
2023-04-10 12:35:57 INFO  ApacheHttpClient.getTask(488) - responseCode = 200
2023-04-10 12:35:59 INFO  ApacheHttpClient.getWebResourceAsStream(502) - responseCode = 200
2023-04-10 12:36:00 INFO  ApacheHttpClient.getFilteredTasks(336) - responseCode = 200
2023-04-10 12:36:01 INFO  ApacheHttpClient.getTaskTemplateInfo(353) - responseCode = 200
2023-04-10 12:36:01 INFO  TaskInfoSelectorMouseListener.createDirectoryRecursive(78) - File created :/Users/admin/Downloads/JavaRushTasks/1.JavaSyntax/src/com/javarush/task/pro/task17/task1710
2023-04-10 12:36:02 INFO  ApacheHttpClient.getTaskTemplateInfo(353) - responseCode = 200
2023-04-10 12:39:44 INFO  ApacheHttpClient.getWebResourceAsStream(502) - responseCode = 200
2023-04-10 12:41:03 INFO  ApacheHttpClient.getWebResourceAsStream(502) - responseCode = 200
2023-04-10 12:41:03 INFO  ApacheHttpClient.getTask(488) - responseCode = 200
2023-04-10 12:41:04 INFO  ApacheHttpClient.completed(32) - responseCode = 200
2023-04-10 12:41:04 INFO  ApacheHttpClient.getTask(488) - responseCode = 200
2023-04-11 10:14:00 INFO  ApacheHttpClient.getWebResourceAsStream(502) - responseCode = 200
2023-04-11 10:14:00 INFO  ApacheHttpClient.getFilteredTasks(336) - responseCode = 200
2023-04-11 10:14:05 INFO  ApacheHttpClient.getTaskTemplateInfo(353) - responseCode = 200
2023-04-11 10:14:05 INFO  TaskInfoSelectorMouseListener.createDirectoryRecursive(78) - File created :/Users/admin/Downloads/JavaRushTasks/1.JavaSyntax/src/com/javarush/task/pro/task17/task1711
2023-04-11 10:15:24 INFO  ApacheHttpClient.getWebResourceAsStream(502) - responseCode = 200
2023-04-11 10:15:25 INFO  ApacheHttpClient.getTask(488) - responseCode = 200
2023-04-11 10:15:26 INFO  ApacheHttpClient.completed(32) - responseCode = 200
2023-04-11 10:15:26 INFO  ApacheHttpClient.getTask(488) - responseCode = 200
2023-04-11 10:22:43 INFO  ApacheHttpClient.getWebResourceAsStream(502) - responseCode = 200
2023-04-11 10:22:43 INFO  ApacheHttpClient.getFilteredTasks(336) - responseCode = 200
2023-04-11 10:22:48 INFO  ApacheHttpClient.getTaskTemplateInfo(353) - responseCode = 200
2023-04-11 10:22:48 INFO  TaskInfoSelectorMouseListener.createDirectoryRecursive(78) - File created :/Users/admin/Downloads/JavaRushTasks/1.JavaSyntax/src/com/javarush/task/pro/task17/task1712
2023-04-11 10:24:18 INFO  ApacheHttpClient.getWebResourceAsStream(502) - responseCode = 200
2023-04-11 10:24:18 INFO  ApacheHttpClient.getTask(488) - responseCode = 200
2023-04-11 10:24:19 INFO  ApacheHttpClient.completed(32) - responseCode = 200
2023-04-11 10:24:19 INFO  ApacheHttpClient.getTask(488) - responseCode = 200
2023-04-11 10:33:52 INFO  ApacheHttpClient.getWebResourceAsStream(502) - responseCode = 200
2023-04-11 10:33:52 INFO  ApacheHttpClient.getFilteredTasks(336) - responseCode = 200
2023-04-11 10:33:54 INFO  ApacheHttpClient.getTaskTemplateInfo(353) - responseCode = 200
2023-04-11 10:33:54 INFO  TaskInfoSelectorMouseListener.createDirectoryRecursive(78) - File created :/Users/admin/Downloads/JavaRushTasks/1.JavaSyntax/src/com/javarush/task/pro/task17/task1713
2023-04-11 10:34:46 INFO  ApacheHttpClient.getWebResourceAsStream(502) - responseCode = 200
2023-04-11 10:34:46 INFO  ApacheHttpClient.getTask(488) - responseCode = 200
2023-04-11 10:34:47 INFO  ApacheHttpClient.completed(32) - responseCode = 200
2023-04-11 10:34:47 INFO  ApacheHttpClient.getTask(488) - responseCode = 200
2023-04-11 10:37:11 INFO  ApacheHttpClient.getWebResourceAsStream(502) - responseCode = 200
2023-04-11 10:37:11 INFO  ApacheHttpClient.getFilteredTasks(336) - responseCode = 200
2023-04-11 10:37:13 INFO  ApacheHttpClient.getTaskTemplateInfo(353) - responseCode = 200
2023-04-11 10:37:13 INFO  TaskInfoSelectorMouseListener.createDirectoryRecursive(78) - File created :/Users/admin/Downloads/JavaRushTasks/1.JavaSyntax/src/com/javarush/task/pro/task17/task1714
2023-04-11 10:38:30 INFO  ApacheHttpClient.getWebResourceAsStream(502) - responseCode = 200
2023-04-11 10:38:30 INFO  ApacheHttpClient.getTask(488) - responseCode = 200
2023-04-11 10:38:32 INFO  ApacheHttpClient.completed(32) - responseCode = 200
2023-04-11 10:38:32 INFO  ApacheHttpClient.getTask(488) - responseCode = 200
2023-04-11 10:40:35 INFO  ApacheHttpClient.getWebResourceAsStream(502) - responseCode = 200
2023-04-11 10:40:35 INFO  ApacheHttpClient.getFilteredTasks(336) - responseCode = 200
2023-04-11 10:40:37 INFO  ApacheHttpClient.getTaskTemplateInfo(353) - responseCode = 200
2023-04-11 10:40:37 INFO  TaskInfoSelectorMouseListener.createDirectoryRecursive(78) - File created :/Users/admin/Downloads/JavaRushTasks/1.JavaSyntax/src/com/javarush/task/pro/task17/task1715
2023-04-11 10:45:43 INFO  ApacheHttpClient.getWebResourceAsStream(502) - responseCode = 200
2023-04-11 10:46:15 INFO  ApacheHttpClient.getWebResourceAsStream(502) - responseCode = 200
2023-04-11 10:46:15 INFO  ApacheHttpClient.getTask(488) - responseCode = 200
2023-04-11 10:46:16 INFO  ApacheHttpClient.completed(32) - responseCode = 200
2023-04-11 10:46:16 INFO  ApacheHttpClient.getTask(488) - responseCode = 200
2023-04-11 10:52:27 INFO  ApacheHttpClient.getWebResourceAsStream(502) - responseCode = 200
2023-04-11 10:52:28 INFO  ApacheHttpClient.getFilteredTasks(336) - responseCode = 200
2023-04-11 10:52:29 INFO  ApacheHttpClient.getTaskTemplateInfo(353) - responseCode = 200
2023-04-11 10:52:29 INFO  TaskInfoSelectorMouseListener.createDirectoryRecursive(78) - File created :/Users/admin/Downloads/JavaRushTasks/1.JavaSyntax/src/com/javarush/task/pro/task17/task1716
2023-04-11 10:55:15 INFO  ApacheHttpClient.getWebResourceAsStream(502) - responseCode = 200
2023-04-11 10:55:16 INFO  ApacheHttpClient.getTask(488) - responseCode = 200
2023-04-11 10:55:17 INFO  ApacheHttpClient.completed(32) - responseCode = 200
2023-04-11 10:55:17 INFO  ApacheHttpClient.getTask(488) - responseCode = 200
2023-04-11 10:55:20 INFO  ApacheHttpClient.getWebResourceAsStream(502) - responseCode = 200
2023-04-11 10:55:20 INFO  ApacheHttpClient.getFilteredTasks(336) - responseCode = 200
2023-04-11 10:55:21 INFO  ApacheHttpClient.getTaskTemplateInfo(353) - responseCode = 200
2023-04-11 10:55:21 INFO  TaskInfoSelectorMouseListener.createDirectoryRecursive(78) - File created :/Users/admin/Downloads/JavaRushTasks/1.JavaSyntax/src/com/javarush/task/pro/task17/task1717
2023-04-11 10:56:25 INFO  ApacheHttpClient.getWebResourceAsStream(502) - responseCode = 200
2023-04-11 10:57:56 INFO  ApacheHttpClient.getWebResourceAsStream(502) - responseCode = 200
2023-04-11 10:57:57 INFO  ApacheHttpClient.getTask(488) - responseCode = 200
2023-04-11 10:57:58 INFO  ApacheHttpClient.completed(32) - responseCode = 200
2023-04-11 10:57:58 INFO  ApacheHttpClient.getTask(488) - responseCode = 200
